<?xml version="1.0" encoding="UTF-8"?>
<!-- Generated by org.testng.reporters.JUnitReportReporter -->
<testsuite skipped="0" hostname="EPINHYDW1020" name="com.easyjetFlight.FlightTicketsBooking" tests="1" failures="0" timestamp="05 Jun 2017 15:51:43 GMT" time="32.293" errors="0">
  <testcase name="login" time="32.293" classname="com.easyjetFlight.FlightTicketsBooking"/>
</testsuite> <!-- com.easyjetFlight.FlightTicketsBooking -->
